This is pdfTeX, Version 3.14159265-2.6-1.40.21 (MiKTeX 21.1) (preloaded format=pdflatex 2021.2.2)  5 APR 2021 10:59
entering extended mode
**./hw08.tex
(hw08.tex
LaTeX2e <2020-10-01> patch level 4
L3 programming layer <2021-01-09> xparse <2020-03-03>
(C:\Users\15155\AppData\Local\Programs\MiKTeX\tex/latex/base\article.cls
Document Class: article 2020/04/10 v1.4m Standard LaTeX document class
(C:\Users\15155\AppData\Local\Programs\MiKTeX\tex/latex/base\size11.clo
File: size11.clo 2020/04/10 v1.4m Standard LaTeX file (size option)
)
\c@part=\count177
\c@section=\count178
\c@subsection=\count179
\c@subsubsection=\count180
\c@paragraph=\count181
\c@subparagraph=\count182
\c@figure=\count183
\c@table=\count184
\abovecaptionskip=\skip47
\belowcaptionskip=\skip48
\bibindent=\dimen138
)
(C:\Users\15155\AppData\Local\Programs\MiKTeX\tex/latex/amsmath\amsmath.sty
Package: amsmath 2020/09/23 v2.17i AMS math features
\@mathmargin=\skip49

For additional information on amsmath, use the `?' option.
(C:\Users\15155\AppData\Local\Programs\MiKTeX\tex/latex/amsmath\amstext.sty
Package: amstext 2000/06/29 v2.01 AMS text

(C:\Users\15155\AppData\Local\Programs\MiKTeX\tex/latex/amsmath\amsgen.sty
File: amsgen.sty 1999/11/30 v2.0 generic functions
\@emptytoks=\toks15
\ex@=\dimen139
))
(C:\Users\15155\AppData\Local\Programs\MiKTeX\tex/latex/amsmath\amsbsy.sty
Package: amsbsy 1999/11/29 v1.2d Bold Symbols
\pmbraise@=\dimen140
)
(C:\Users\15155\AppData\Local\Programs\MiKTeX\tex/latex/amsmath\amsopn.sty
Package: amsopn 2016/03/08 v2.02 operator names
)
\inf@bad=\count185
LaTeX Info: Redefining \frac on input line 234.
\uproot@=\count186
\leftroot@=\count187
LaTeX Info: Redefining \overline on input line 399.
\classnum@=\count188
\DOTSCASE@=\count189
LaTeX Info: Redefining \ldots on input line 496.
LaTeX Info: Redefining \dots on input line 499.
LaTeX Info: Redefining \cdots on input line 620.
\Mathstrutbox@=\box47
\strutbox@=\box48
\big@size=\dimen141
LaTeX Font Info:    Redeclaring font encoding OML on input line 743.
LaTeX Font Info:    Redeclaring font encoding OMS on input line 744.
\macc@depth=\count190
\c@MaxMatrixCols=\count191
\dotsspace@=\muskip16
\c@parentequation=\count192
\dspbrk@lvl=\count193
\tag@help=\toks16
\row@=\count194
\column@=\count195
\maxfields@=\count196
\andhelp@=\toks17
\eqnshift@=\dimen142
\alignsep@=\dimen143
\tagshift@=\dimen144
\tagwidth@=\dimen145
\totwidth@=\dimen146
\lineht@=\dimen147
\@envbody=\toks18
\multlinegap=\skip50
\multlinetaggap=\skip51
\mathdisplay@stack=\toks19
LaTeX Info: Redefining \[ on input line 2923.
LaTeX Info: Redefining \] on input line 2924.
)
(C:\Users\15155\AppData\Local\Programs\MiKTeX\tex/latex/graphics\graphicx.sty
Package: graphicx 2020/09/09 v1.2b Enhanced LaTeX Graphics (DPC,SPQR)

(C:\Users\15155\AppData\Local\Programs\MiKTeX\tex/latex/graphics\keyval.sty
Package: keyval 2014/10/28 v1.15 key=value parser (DPC)
\KV@toks@=\toks20
)
(C:\Users\15155\AppData\Local\Programs\MiKTeX\tex/latex/graphics\graphics.sty
Package: graphics 2020/08/30 v1.4c Standard LaTeX Graphics (DPC,SPQR)

(C:\Users\15155\AppData\Local\Programs\MiKTeX\tex/latex/graphics\trig.sty
Package: trig 2016/01/03 v1.10 sin cos tan (DPC)
)
(C:\Users\15155\AppData\Local\Programs\MiKTeX\tex/latex/graphics-cfg\graphics.c
fg
File: graphics.cfg 2016/06/04 v1.11 sample graphics configuration
)
Package graphics Info: Driver file: pdftex.def on input line 105.

(C:\Users\15155\AppData\Local\Programs\MiKTeX\tex/latex/graphics-def\pdftex.def
File: pdftex.def 2020/10/05 v1.2a Graphics/color driver for pdftex
))
\Gin@req@height=\dimen148
\Gin@req@width=\dimen149
)
(C:\Users\15155\AppData\Local\Programs\MiKTeX\tex/latex/l3backend\l3backend-pdf
tex.def
File: l3backend-pdftex.def 2020-01-29 L3 backend support: PDF output (pdfTeX)
\l__color_backend_stack_int=\count197
\l__pdf_internal_box=\box49
) (hw08.aux)
\openout1 = `hw08.aux'.

LaTeX Font Info:    Checking defaults for OML/cmm/m/it on input line 11.
LaTeX Font Info:    ... okay on input line 11.
LaTeX Font Info:    Checking defaults for OMS/cmsy/m/n on input line 11.
LaTeX Font Info:    ... okay on input line 11.
LaTeX Font Info:    Checking defaults for OT1/cmr/m/n on input line 11.
LaTeX Font Info:    ... okay on input line 11.
LaTeX Font Info:    Checking defaults for T1/cmr/m/n on input line 11.
LaTeX Font Info:    ... okay on input line 11.
LaTeX Font Info:    Checking defaults for TS1/cmr/m/n on input line 11.
LaTeX Font Info:    ... okay on input line 11.
LaTeX Font Info:    Checking defaults for OMX/cmex/m/n on input line 11.
LaTeX Font Info:    ... okay on input line 11.
LaTeX Font Info:    Checking defaults for U/cmr/m/n on input line 11.
LaTeX Font Info:    ... okay on input line 11.

(C:\Users\15155\AppData\Local\Programs\MiKTeX\tex/context/base/mkii\supp-pdf.mk
ii
[Loading MPS to PDF converter (version 2006.09.02).]
\scratchcounter=\count198
\scratchdimen=\dimen150
\scratchbox=\box50
\nofMPsegments=\count199
\nofMParguments=\count266
\everyMPshowfont=\toks21
\MPscratchCnt=\count267
\MPscratchDim=\dimen151
\MPnumerator=\count268
\makeMPintoPDFobject=\count269
\everyMPtoPDFconversion=\toks22
)
(C:\Users\15155\AppData\Local\Programs\MiKTeX\tex/latex/epstopdf-pkg\epstopdf-b
ase.sty
Package: epstopdf-base 2020-01-24 v2.11 Base part for package epstopdf
Package epstopdf-base Info: Redefining graphics rule for `.eps' on input line 4
85.
)
LaTeX Font Info:    Trying to load font information for OMS+cmr on input line 6
9.
 (C:\Users\15155\AppData\Local\Programs\MiKTeX\tex/latex/base\omscmr.fd
File: omscmr.fd 2019/12/16 v2.5j Standard LaTeX font definitions
)
LaTeX Font Info:    Font shape `OMS/cmr/m/n' in size <10.95> not available
(Font)              Font shape `OMS/cmsy/m/n' tried instead on input line 69.
 [1

{C:/Users/15155/AppData/Local/MiKTeX/pdftex/config/pdftex.map}] [2]
Underfull \hbox (badness 10000) in paragraph at lines 144--145

 []

[3]
<6c.jpg, id=21, 456.20438pt x 362.85562pt>
File: 6c.jpg Graphic file (type jpg)
<use 6c.jpg>
Package pdftex.def Info: 6c.jpg  used on input line 154.
(pdftex.def)             Requested size: 456.20325pt x 362.85474pt.

Overfull \hbox (37.91335pt too wide) in paragraph at lines 152--155
[] 
 []

[4 <./6c.jpg>] (hw08.aux) ) 
Here is how much of TeX's memory you used:
 1871 strings out of 479618
 26720 string characters out of 2865027
 315570 words of memory out of 3000000
 19061 multiletter control sequences out of 15000+200000
 408096 words of font info for 43 fonts, out of 3000000 for 9000
 1141 hyphenation exceptions out of 8191
 68i,4n,74p,325b,318s stack positions out of 5000i,500n,10000p,200000b,50000s
<C:/Users/15155/AppData/Local/Programs/MiKTeX/fonts/
type1/public/amsfonts/cm/cmbx10.pfb><C:/Users/15155/AppData/Local/Programs/MiKT
eX/fonts/type1/public/amsfonts/cm/cmcsc10.pfb><C:/Users/15155/AppData/Local/Pro
grams/MiKTeX/fonts/type1/public/amsfonts/cm/cmmi10.pfb><C:/Users/15155/AppData/
Local/Programs/MiKTeX/fonts/type1/public/amsfonts/cm/cmmi8.pfb><C:/Users/15155/
AppData/Local/Programs/MiKTeX/fonts/type1/public/amsfonts/cm/cmr10.pfb><C:/User
s/15155/AppData/Local/Programs/MiKTeX/fonts/type1/public/amsfonts/cm/cmr12.pfb>
<C:/Users/15155/AppData/Local/Programs/MiKTeX/fonts/type1/public/amsfonts/cm/cm
r8.pfb><C:/Users/15155/AppData/Local/Programs/MiKTeX/fonts/type1/public/amsfont
s/cm/cmsy10.pfb><C:/Users/15155/AppData/Local/Programs/MiKTeX/fonts/type1/publi
c/amsfonts/cm/cmsy8.pfb><C:/Users/15155/AppData/Local/Programs/MiKTeX/fonts/typ
e1/public/amsfonts/cm/cmti10.pfb>
Output written on hw08.pdf (4 pages, 239913 bytes).
PDF statistics:
 56 PDF objects out of 1000 (max. 8388607)
 0 named destinations out of 1000 (max. 500000)
 6 words of extra memory for PDF output out of 10000 (max. 10000000)

