This is pdfTeX, Version 3.14159265-2.6-1.40.21 (MiKTeX 21.1) (preloaded format=pdflatex 2021.2.2)  19 MAR 2021 20:30
entering extended mode
**./hw06.tex
(hw06.tex
LaTeX2e <2020-10-01> patch level 4
L3 programming layer <2021-01-09> xparse <2020-03-03>
(C:\Users\15155\AppData\Local\Programs\MiKTeX\tex/latex/base\article.cls
Document Class: article 2020/04/10 v1.4m Standard LaTeX document class
(C:\Users\15155\AppData\Local\Programs\MiKTeX\tex/latex/base\size11.clo
File: size11.clo 2020/04/10 v1.4m Standard LaTeX file (size option)
)
\c@part=\count177
\c@section=\count178
\c@subsection=\count179
\c@subsubsection=\count180
\c@paragraph=\count181
\c@subparagraph=\count182
\c@figure=\count183
\c@table=\count184
\abovecaptionskip=\skip47
\belowcaptionskip=\skip48
\bibindent=\dimen138
)
(C:\Users\15155\AppData\Local\Programs\MiKTeX\tex/latex/amsmath\amsmath.sty
Package: amsmath 2020/09/23 v2.17i AMS math features
\@mathmargin=\skip49

For additional information on amsmath, use the `?' option.
(C:\Users\15155\AppData\Local\Programs\MiKTeX\tex/latex/amsmath\amstext.sty
Package: amstext 2000/06/29 v2.01 AMS text

(C:\Users\15155\AppData\Local\Programs\MiKTeX\tex/latex/amsmath\amsgen.sty
File: amsgen.sty 1999/11/30 v2.0 generic functions
\@emptytoks=\toks15
\ex@=\dimen139
))
(C:\Users\15155\AppData\Local\Programs\MiKTeX\tex/latex/amsmath\amsbsy.sty
Package: amsbsy 1999/11/29 v1.2d Bold Symbols
\pmbraise@=\dimen140
)
(C:\Users\15155\AppData\Local\Programs\MiKTeX\tex/latex/amsmath\amsopn.sty
Package: amsopn 2016/03/08 v2.02 operator names
)
\inf@bad=\count185
LaTeX Info: Redefining \frac on input line 234.
\uproot@=\count186
\leftroot@=\count187
LaTeX Info: Redefining \overline on input line 399.
\classnum@=\count188
\DOTSCASE@=\count189
LaTeX Info: Redefining \ldots on input line 496.
LaTeX Info: Redefining \dots on input line 499.
LaTeX Info: Redefining \cdots on input line 620.
\Mathstrutbox@=\box47
\strutbox@=\box48
\big@size=\dimen141
LaTeX Font Info:    Redeclaring font encoding OML on input line 743.
LaTeX Font Info:    Redeclaring font encoding OMS on input line 744.
\macc@depth=\count190
\c@MaxMatrixCols=\count191
\dotsspace@=\muskip16
\c@parentequation=\count192
\dspbrk@lvl=\count193
\tag@help=\toks16
\row@=\count194
\column@=\count195
\maxfields@=\count196
\andhelp@=\toks17
\eqnshift@=\dimen142
\alignsep@=\dimen143
\tagshift@=\dimen144
\tagwidth@=\dimen145
\totwidth@=\dimen146
\lineht@=\dimen147
\@envbody=\toks18
\multlinegap=\skip50
\multlinetaggap=\skip51
\mathdisplay@stack=\toks19
LaTeX Info: Redefining \[ on input line 2923.
LaTeX Info: Redefining \] on input line 2924.
)
(C:\Users\15155\AppData\Local\Programs\MiKTeX\tex/latex/l3backend\l3backend-pdf
tex.def
File: l3backend-pdftex.def 2020-01-29 L3 backend support: PDF output (pdfTeX)
\l__color_backend_stack_int=\count197
\l__pdf_internal_box=\box49
) (hw06.aux)
\openout1 = `hw06.aux'.

LaTeX Font Info:    Checking defaults for OML/cmm/m/it on input line 10.
LaTeX Font Info:    ... okay on input line 10.
LaTeX Font Info:    Checking defaults for OMS/cmsy/m/n on input line 10.
LaTeX Font Info:    ... okay on input line 10.
LaTeX Font Info:    Checking defaults for OT1/cmr/m/n on input line 10.
LaTeX Font Info:    ... okay on input line 10.
LaTeX Font Info:    Checking defaults for T1/cmr/m/n on input line 10.
LaTeX Font Info:    ... okay on input line 10.
LaTeX Font Info:    Checking defaults for TS1/cmr/m/n on input line 10.
LaTeX Font Info:    ... okay on input line 10.
LaTeX Font Info:    Checking defaults for OMX/cmex/m/n on input line 10.
LaTeX Font Info:    ... okay on input line 10.
LaTeX Font Info:    Checking defaults for U/cmr/m/n on input line 10.
LaTeX Font Info:    ... okay on input line 10.

Overfull \hbox (24.04248pt too wide) in paragraph at lines 85--87
\OT1/cmr/m/n/10.95 Suppose $\OML/cmm/m/it/10.95 S[]; S[]; S[]; :::; S[]$ \OT1/c
mr/m/n/10.95 are count-ably in-fi-nite sets. These sets are count-able as $\OMS
/cmsy/m/n/10.95 f\OML/cmm/m/it/10.95 s[]; s[]; s[]; :::; s[]\OMS/cmsy/m/n/10.95
 g$\OT1/cmr/m/n/10.95 .
 []


Overfull \hbox (45.74808pt too wide) in paragraph at lines 85--87
\OT1/cmr/m/n/10.95 Even if all these sets are dis-joint, the union can be count
ed as $\OMS/cmsy/m/n/10.95 f\OML/cmm/m/it/10.95 s[]; s[]; s[]; :::; s[]; s[]; s
[]; s[]; :::; s[]; :::\OMS/cmsy/m/n/10.95 g$\OT1/cmr/m/n/10.95 .
 []

[1

{C:/Users/15155/AppData/Local/MiKTeX/pdftex/config/pdftex.map}] [2] (hw06.aux) 
) 
Here is how much of TeX's memory you used:
 1071 strings out of 479618
 15439 string characters out of 2865027
 301421 words of memory out of 3000000
 18298 multiletter control sequences out of 15000+200000
 407750 words of font info for 42 fonts, out of 3000000 for 9000
 1141 hyphenation exceptions out of 8191
 67i,8n,74p,460b,264s stack positions out of 5000i,500n,10000p,200000b,50000s
<C:/Users/15155/AppData/Local/Programs/MiKTeX/fonts/type1/public/amsfonts/cm/c
mbx10.pfb><C:/Users/15155/AppData/Local/Programs/MiKTeX/fonts/type1/public/amsf
onts/cm/cmcsc10.pfb><C:/Users/15155/AppData/Local/Programs/MiKTeX/fonts/type1/p
ublic/amsfonts/cm/cmex10.pfb><C:/Users/15155/AppData/Local/Programs/MiKTeX/font
s/type1/public/amsfonts/cm/cmmi10.pfb><C:/Users/15155/AppData/Local/Programs/Mi
KTeX/fonts/type1/public/amsfonts/cm/cmmi8.pfb><C:/Users/15155/AppData/Local/Pro
grams/MiKTeX/fonts/type1/public/amsfonts/cm/cmr10.pfb><C:/Users/15155/AppData/L
ocal/Programs/MiKTeX/fonts/type1/public/amsfonts/cm/cmr12.pfb><C:/Users/15155/A
ppData/Local/Programs/MiKTeX/fonts/type1/public/amsfonts/cm/cmr8.pfb><C:/Users/
15155/AppData/Local/Programs/MiKTeX/fonts/type1/public/amsfonts/cm/cmsy10.pfb>
Output written on hw06.pdf (2 pages, 108341 bytes).
PDF statistics:
 45 PDF objects out of 1000 (max. 8388607)
 0 named destinations out of 1000 (max. 500000)
 1 words of extra memory for PDF output out of 10000 (max. 10000000)

